app/build/outputs/logs/manifest-merger-debug-report.txt
-- Merging decision tree log ---
manifest
ADDED from src/main/AndroidManifest.xml:2:1-38:12
	package
		ADDED from src/main/AndroidManifest.xml:3:5-46
		INJECTED from src/main/AndroidManifest.xml
		INJECTED from src/main/AndroidManifest.xml
	android:versionName
		ADDED from src/main/AndroidManifest.xml:5:5-30
		INJECTED from src/main/AndroidManifest.xml
		INJECTED from src/main/AndroidManifest.xml
	android:versionCode
		ADDED from src/main/AndroidManifest.xml:4:5-28
		INJECTED from src/main/AndroidManifest.xml
		INJECTED from src/main/AndroidManifest.xml
	xmlns:android
		ADDED from src/main/AndroidManifest.xml:2:11-69
uses-permission#android.permission.INTERNET
ADDED from src/main/AndroidManifest.xml:6:5-66
	android:name
		ADDED from src/main/AndroidManifest.xml:6:22-64
uses-sdk
ADDED from src/main/AndroidManifest.xml:7:5-9:41
MERGED from [com.android.support:cardview-v7:21.0.3] AndroidManifest.xml:15:5-42
MERGED from [com.android.support:recyclerview-v7:21.0.3] AndroidManifest.xml:15:5-42
MERGED from [com.android.support:support-v4:21.0.3] AndroidManifest.xml:15:5-42
MERGED from [com.android.support.constraint:constraint-layout:1.0.0-beta3] AndroidManifest.xml:5:5-7:41
	android:targetSdkVersion
		ADDED from src/main/AndroidManifest.xml:9:9-38
		INJECTED from src/main/AndroidManifest.xml
		INJECTED from src/main/AndroidManifest.xml
	android:minSdkVersion
		ADDED from src/main/AndroidManifest.xml:8:9-35
		INJECTED from src/main/AndroidManifest.xml
		INJECTED from src/main/AndroidManifest.xml
application
ADDED from src/main/AndroidManifest.xml:11:5-36:19
MERGED from [com.android.support:cardview-v7:21.0.3] AndroidManifest.xml:16:5-19
MERGED from [com.android.support:recyclerview-v7:21.0.3] AndroidManifest.xml:17:5-19:19
MERGED from [com.android.support:support-v4:21.0.3] AndroidManifest.xml:16:5-19
MERGED from [com.android.support.constraint:constraint-layout:1.0.0-beta3] AndroidManifest.xml:9:5-20
	android:label
		ADDED from src/main/AndroidManifest.xml:14:9-41
	android:allowBackup
		ADDED from src/main/AndroidManifest.xml:12:9-35
	android:icon
		ADDED from src/main/AndroidManifest.xml:13:9-45
	android:theme
		ADDED from src/main/AndroidManifest.xml:15:9-40
activity#com.Jamesglasgow.Cw.OpenGlasgow.BaseActivity
ADDED from src/main/AndroidManifest.xml:21:9-28:20
	android:label
		ADDED from src/main/AndroidManifest.xml:23:13-45
	android:name
		ADDED from src/main/AndroidManifest.xml:22:13-72
intent-filter#android.intent.action.MAIN+android.intent.category.LAUNCHER
ADDED from src/main/AndroidManifest.xml:24:13-27:29
action#android.intent.action.MAIN
ADDED from src/main/AndroidManifest.xml:25:17-69
	android:name
		ADDED from src/main/AndroidManifest.xml:25:25-66
category#android.intent.category.LAUNCHER
ADDED from src/main/AndroidManifest.xml:26:17-77
	android:name
		ADDED from src/main/AndroidManifest.xml:26:27-74
activity#com.Jamesglasgow.Cw.OpenGlasgow.HomeActivity
ADDED from src/main/AndroidManifest.xml:30:3-75
	android:name
		ADDED from src/main/AndroidManifest.xml:30:13-72
activity#com.Jamesglasgow.Cw.OpenGlasgow.NewsActivity
ADDED from src/main/AndroidManifest.xml:31:3-75
	android:name
		ADDED from src/main/AndroidManifest.xml:31:13-72
activity#com.Jamesglasgow.Cw.OpenGlasgow.RoadWorksActivity
ADDED from src/main/AndroidManifest.xml:32:3-80
	android:name
		ADDED from src/main/AndroidManifest.xml:32:13-77
activity#com.Jamesglasgow.Cw.OpenGlasgow.ParkingActivity
ADDED from src/main/AndroidManifest.xml:33:3-78
	android:name
		ADDED from src/main/AndroidManifest.xml:33:13-75
activity#com.Jamesglasgow.Cw.OpenGlasgow.AboutActivity
ADDED from src/main/AndroidManifest.xml:34:3-76
	android:name
		ADDED from src/main/AndroidManifest.xml:34:13-73
activity#com.Jamesglasgow.Cw.OpenGlasgow.SettingsActivity
ADDED from src/main/AndroidManifest.xml:35:3-79
	android:name
		ADDED from src/main/AndroidManifest.xml:35:13-76
activity#android.support.v7.widget.TestActivity
ADDED from [com.android.support:recyclerview-v7:21.0.3] AndroidManifest.xml:18:9-115
	android:label
		ADDED from [com.android.support:recyclerview-v7:21.0.3] AndroidManifest.xml:18:19-59
	android:name
		ADDED from [com.android.support:recyclerview-v7:21.0.3] AndroidManifest.xml:18:60-113